<?xml version="1.0" encoding="UTF-8"?>
<!-- Generated by org.testng.reporters.JUnitXMLReporter -->
<testsuite hostname="192-168-1-105.tpgi.com.au" ignored="2" name="Section B" tests="3" failures="0" timestamp="04 Jul 2017 12:27:11 GMT" time="76.112" errors="0">
  <testcase name="LoadABRadio" time="11.224" classname="test.ABCRadios"/>
  <testcase name="LoadABRadio" time="54.132" classname="test.lastProgram"/>
  <testcase name="LoadABRadio1" time="10.75" classname="test.SearchRadioProgram"/>
  <testcase name="@BeforeSuite setup" time="0.0" classname="Utilities.BrowserSetup">
    <ignored/>
  </testcase> <!-- @BeforeSuite setup -->
  <testcase name="@BeforeSuite setup" time="0.0" classname="Utilities.BrowserSetup">
    <ignored/>
  </testcase> <!-- @BeforeSuite setup -->
</testsuite> <!-- Section B -->
