<?xml version="1.0" encoding="UTF-8"?>
<!-- Generated by org.testng.reporters.JUnitXMLReporter -->
<testsuite hostname="192-168-1-105.tpgi.com.au" ignored="4" name="Section A" tests="5" failures="0" timestamp="04 Jul 2017 12:25:55 GMT" time="23.373" errors="0">
  <testcase name="LaunchSite" time="7.721" classname="test.NewTest"/>
  <testcase name="NewsBannerVerification" time="0.062" classname="test.NewsBanner"/>
  <testcase name="LoadJustInAndCheckArticles" time="4.512" classname="test.JustIn"/>
  <testcase name="VideoPlayerTest" time="3.379" classname="test.VideoTest"/>
  <testcase name="ImageGalleryTest" time="7.67" classname="test.imageGallery"/>
  <testcase name="@BeforeSuite setup" time="0.0" classname="Utilities.BrowserSetup">
    <ignored/>
  </testcase> <!-- @BeforeSuite setup -->
  <testcase name="@BeforeSuite setup" time="0.0" classname="Utilities.BrowserSetup">
    <ignored/>
  </testcase> <!-- @BeforeSuite setup -->
  <testcase name="@BeforeSuite setup" time="0.0" classname="Utilities.BrowserSetup">
    <ignored/>
  </testcase> <!-- @BeforeSuite setup -->
  <testcase name="@BeforeSuite setup" time="0.0" classname="Utilities.BrowserSetup">
    <ignored/>
  </testcase> <!-- @BeforeSuite setup -->
</testsuite> <!-- Section A -->
