<?xml version="1.0" encoding="UTF-8"?>
<!-- Generated by org.testng.reporters.JUnitXMLReporter -->
<testsuite hostname="192-168-1-105.tpgi.com.au" ignored="2" name="sitelaunch" tests="3" failures="0" timestamp="02 Jul 2017 10:27:50 GMT" time="6.628" errors="0">
  <testcase name="LaunchSite" time="3.721" classname="test.NewTest"/>
  <testcase name="NewsBannerVerifiecation" time="0.071" classname="test.NewsBanner"/>
  <testcase name="LoadJustIn" time="2.809" classname="test.JustIn"/>
  <testcase name="@BeforeSuite setup" time="0.0" classname="Utilities.BrowserSetup">
    <ignored/>
  </testcase> <!-- @BeforeSuite setup -->
  <testcase name="@BeforeSuite setup" time="0.0" classname="Utilities.BrowserSetup">
    <ignored/>
  </testcase> <!-- @BeforeSuite setup -->
</testsuite> <!-- sitelaunch -->
