<?xml version="1.0" encoding="UTF-8"?>
<testng-results skipped="0" failed="0" ignored="0" total="1" passed="1">
  <reporter-output>
  </reporter-output>
  <suite name="Default suite" duration-ms="4823" started-at="2017-07-02T01:50:08Z" finished-at="2017-07-02T01:50:13Z">
    <groups>
    </groups>
    <test name="Default test" duration-ms="4823" started-at="2017-07-02T01:50:08Z" finished-at="2017-07-02T01:50:13Z">
      <class name="test.NewTest">
        <test-method status="PASS" signature="firstclass()[pri:0, instance:test.NewTest@49993335]" name="firstclass" duration-ms="4803" started-at="2017-07-02T11:50:08Z" finished-at="2017-07-02T11:50:13Z">
          <reporter-output>
          </reporter-output>
        </test-method> <!-- firstclass -->
      </class> <!-- test.NewTest -->
    </test> <!-- Default test -->
  </suite> <!-- Default suite -->
</testng-results>
