<?xml version="1.0" encoding="UTF-8"?>
<testng-results skipped="0" failed="0" ignored="7" total="18" passed="11">
  <reporter-output>
  </reporter-output>
  <suite name="ABC" duration-ms="101930" started-at="2017-07-04T12:25:32Z" finished-at="2017-07-04T12:27:14Z">
    <groups>
    </groups>
    <test name="Browserlaunch" duration-ms="11" started-at="2017-07-04T12:25:32Z" finished-at="2017-07-04T12:25:32Z">
    </test> <!-- Browserlaunch -->
    <test name="Section A" duration-ms="23373" started-at="2017-07-04T12:25:32Z" finished-at="2017-07-04T12:25:55Z">
      <class name="test.JustIn">
        <test-method status="PASS" signature="LoadJustInAndCheckArticles()[pri:0, instance:test.JustIn@57855c9a]" name="LoadJustInAndCheckArticles" duration-ms="4512" started-at="2017-07-04T22:25:40Z" finished-at="2017-07-04T22:25:44Z">
          <reporter-output>
          </reporter-output>
        </test-method> <!-- LoadJustInAndCheckArticles -->
      </class> <!-- test.JustIn -->
      <class name="test.NewTest">
        <test-method status="PASS" signature="LaunchSite()[pri:0, instance:test.NewTest@79be0360]" name="LaunchSite" duration-ms="7721" started-at="2017-07-04T22:25:32Z" finished-at="2017-07-04T22:25:40Z">
          <reporter-output>
          </reporter-output>
        </test-method> <!-- LaunchSite -->
      </class> <!-- test.NewTest -->
      <class name="test.imageGallery">
        <test-method status="PASS" signature="ImageGalleryTest()[pri:0, instance:test.imageGallery@3224f60b]" name="ImageGalleryTest" duration-ms="7670" started-at="2017-07-04T22:25:48Z" finished-at="2017-07-04T22:25:55Z">
          <reporter-output>
          </reporter-output>
        </test-method> <!-- ImageGalleryTest -->
      </class> <!-- test.imageGallery -->
      <class name="test.VideoTest">
        <test-method status="PASS" signature="VideoPlayerTest()[pri:0, instance:test.VideoTest@3b084709]" name="VideoPlayerTest" duration-ms="3379" started-at="2017-07-04T22:25:44Z" finished-at="2017-07-04T22:25:48Z">
          <reporter-output>
          </reporter-output>
        </test-method> <!-- VideoPlayerTest -->
      </class> <!-- test.VideoTest -->
      <class name="test.NewsBanner">
        <test-method status="PASS" signature="NewsBannerVerification()[pri:0, instance:test.NewsBanner@22a67b4]" name="NewsBannerVerification" duration-ms="62" started-at="2017-07-04T22:25:40Z" finished-at="2017-07-04T22:25:40Z">
          <reporter-output>
          </reporter-output>
        </test-method> <!-- NewsBannerVerification -->
      </class> <!-- test.NewsBanner -->
    </test> <!-- Section A -->
    <test name="Section B" duration-ms="76112" started-at="2017-07-04T12:25:55Z" finished-at="2017-07-04T12:27:11Z">
      <class name="test.lastProgram">
        <test-method status="PASS" signature="LoadABRadio()[pri:0, instance:test.lastProgram@5a8806ef]" name="LoadABRadio" duration-ms="54132" started-at="2017-07-04T22:26:06Z" finished-at="2017-07-04T22:27:01Z">
          <reporter-output>
          </reporter-output>
        </test-method> <!-- LoadABRadio -->
      </class> <!-- test.lastProgram -->
      <class name="test.SearchRadioProgram">
        <test-method status="PASS" signature="LoadABRadio1()[pri:0, instance:test.SearchRadioProgram@6c49835d]" name="LoadABRadio1" duration-ms="10750" started-at="2017-07-04T22:27:01Z" finished-at="2017-07-04T22:27:11Z">
          <reporter-output>
          </reporter-output>
        </test-method> <!-- LoadABRadio1 -->
      </class> <!-- test.SearchRadioProgram -->
      <class name="test.ABCRadios">
        <test-method status="PASS" signature="LoadABRadio()[pri:0, instance:test.ABCRadios@9660f4e]" name="LoadABRadio" duration-ms="11224" started-at="2017-07-04T22:25:55Z" finished-at="2017-07-04T22:26:06Z">
          <reporter-output>
          </reporter-output>
        </test-method> <!-- LoadABRadio -->
      </class> <!-- test.ABCRadios -->
    </test> <!-- Section B -->
    <test name="Section C" duration-ms="2393" started-at="2017-07-04T12:27:11Z" finished-at="2017-07-04T12:27:14Z">
      <class name="test.ApiTest">
        <test-method status="PASS" signature="setup(java.lang.String, java.lang.String, java.lang.String, java.lang.String, java.lang.String, java.lang.String, java.lang.String, java.lang.String)[pri:0, instance:test.ApiTest@614ddd49]" name="setup" is-config="true" duration-ms="2297" started-at="2017-07-04T22:25:29Z" finished-at="2017-07-04T22:25:32Z">
          <params>
            <param index="0">
              <value>
                <![CDATA[chrome]]>
              </value>
            </param>
            <param index="1">
              <value>
                <![CDATA[ABC automation]]>
              </value>
            </param>
            <param index="2">
              <value>
                <![CDATA[http://www.abc.net.au/news/]]>
              </value>
            </param>
            <param index="3">
              <value>
                <![CDATA[http://www.abc.net.au/news/2017-02-09/weatherill-promises-to-intervene-dramatically/8254908]]>
              </value>
            </param>
            <param index="4">
              <value>
                <![CDATA[http://www.abc.net.au/news/2017-02-10/abc-open-pic-of-the-week/8256256]]>
              </value>
            </param>
            <param index="5">
              <value>
                <![CDATA[program.abcradio.net.au/api/v1/programs/]]>
              </value>
            </param>
            <param index="6">
              <value>
                <![CDATA[http://www.abc.net.au/radionational/]]>
              </value>
            </param>
            <param index="7">
              <value>
                <![CDATA[http://www.abc.net.au/radionational/programs/bigideas/a-fortunate-universe/8076406]]>
              </value>
            </param>
          </params>
          <reporter-output>
          </reporter-output>
        </test-method> <!-- setup -->
        <test-method status="PASS" signature="API_Get()[pri:1, instance:test.ApiTest@614ddd49]" name="API_Get" duration-ms="2155" started-at="2017-07-04T22:27:11Z" finished-at="2017-07-04T22:27:13Z">
          <reporter-output>
          </reporter-output>
        </test-method> <!-- API_Get -->
        <test-method status="PASS" signature="API_Get3(java.lang.String)[pri:3, instance:test.ApiTest@614ddd49]" name="API_Get3" duration-ms="76" started-at="2017-07-04T22:27:13Z" data-provider="data-provider" finished-at="2017-07-04T22:27:14Z">
          <params>
            <param index="0">
              <value>
                <![CDATA[ppJj0E8g2R.json]]>
              </value>
            </param>
          </params>
          <reporter-output>
          </reporter-output>
        </test-method> <!-- API_Get3 -->
        <test-method status="PASS" signature="API_Get3(java.lang.String)[pri:3, instance:test.ApiTest@614ddd49]" name="API_Get3" duration-ms="152" started-at="2017-07-04T22:27:14Z" data-provider="data-provider" finished-at="2017-07-04T22:27:14Z">
          <params>
            <param index="0">
              <value>
                <![CDATA[ppxa2Amj2b.json]]>
              </value>
            </param>
          </params>
          <reporter-output>
          </reporter-output>
        </test-method> <!-- API_Get3 -->
      </class> <!-- test.ApiTest -->
    </test> <!-- Section C -->
  </suite> <!-- ABC -->
</testng-results>
